<?xml version="1.0" encoding="UTF-8"?>
<!-- Generated by org.testng.reporters.JUnitReportReporter -->
<testsuite hostname="LAPTOP-MN4O0QBQ" failures="0" tests="1" name="testCases.TC_001_AccountRegistrationTest" time="10.895" errors="0" timestamp="2023-04-02T15:36:45 EDT" skipped="0">
  <testcase classname="testCases.TC_001_AccountRegistrationTest" name="test_account_Registration" time="10.895"/>
  <system-out/>
</testsuite> <!-- testCases.TC_001_AccountRegistrationTest -->
