<?xml version="1.0" encoding="UTF-8"?>
<!-- Generated by org.testng.reporters.JUnitReportReporter -->
<testsuite hostname="LAPTOP-MN4O0QBQ" failures="0" tests="1" name="testCases.TC_002_LoginTest" time="2.063" errors="0" timestamp="2023-04-02T15:36:45 EDT" skipped="0">
  <testcase classname="testCases.TC_002_LoginTest" name="test_login" time="2.063"/>
  <system-out/>
</testsuite> <!-- testCases.TC_002_LoginTest -->
