<?xml version="1.0" encoding="UTF-8"?>
<!-- Generated by org.testng.reporters.JUnitReportReporter -->
<testsuite hostname="LAPTOP-MN4O0QBQ" failures="0" tests="1" name="testCases.TC_001_AccountRegistrationTest" time="4.799" errors="0" timestamp="2023-04-08T11:21:44 EDT" skipped="0">
  <testcase classname="testCases.TC_001_AccountRegistrationTest" name="test_account_Registration" time="4.799"/>
  <system-out/>
</testsuite> <!-- testCases.TC_001_AccountRegistrationTest -->
