<?xml version="1.0" encoding="UTF-8"?>
<!-- Generated by org.testng.reporters.JUnitReportReporter -->
<testsuite hostname="LAPTOP-MN4O0QBQ" failures="0" tests="1" name="testCases.TC_005_AddToCartPageTest" time="2.974" errors="0" timestamp="2023-04-08T11:21:44 EDT" skipped="0">
  <testcase classname="testCases.TC_005_AddToCartPageTest" name="test_addToCart" time="2.974"/>
  <system-out/>
</testsuite> <!-- testCases.TC_005_AddToCartPageTest -->
